<?xml version="1.0" encoding="UTF-8"?>
<testsuite name="com.regex.PasswordValidationTest" tests="14" skipped="0" failures="0" errors="0" timestamp="2019-11-25T04:57:15" hostname="admin1-H110M-H" time="0.005">
  <properties/>
  <testcase name="givePassword_IfValid_ShouldReturnTrue[0]" classname="com.regex.PasswordValidationTest" time="0.001"/>
  <testcase name="givePassword_IfValid_ShouldReturnTrue[1]" classname="com.regex.PasswordValidationTest" time="0.0"/>
  <testcase name="givePassword_IfValid_ShouldReturnTrue[2]" classname="com.regex.PasswordValidationTest" time="0.001"/>
  <testcase name="givePassword_IfValid_ShouldReturnTrue[3]" classname="com.regex.PasswordValidationTest" time="0.0"/>
  <testcase name="givePassword_IfValid_ShouldReturnTrue[4]" classname="com.regex.PasswordValidationTest" time="0.0"/>
  <testcase name="givePassword_IfValid_ShouldReturnTrue[5]" classname="com.regex.PasswordValidationTest" time="0.0"/>
  <testcase name="givePassword_IfValid_ShouldReturnTrue[6]" classname="com.regex.PasswordValidationTest" time="0.0"/>
  <testcase name="givePassword_IfValid_ShouldReturnTrue[7]" classname="com.regex.PasswordValidationTest" time="0.001"/>
  <testcase name="givePassword_IfValid_ShouldReturnTrue[8]" classname="com.regex.PasswordValidationTest" time="0.0"/>
  <testcase name="givePassword_IfValid_ShouldReturnTrue[9]" classname="com.regex.PasswordValidationTest" time="0.0"/>
  <testcase name="givePassword_IfValid_ShouldReturnTrue[10]" classname="com.regex.PasswordValidationTest" time="0.0"/>
  <testcase name="givePassword_IfValid_ShouldReturnTrue[11]" classname="com.regex.PasswordValidationTest" time="0.0"/>
  <testcase name="givePassword_IfValid_ShouldReturnTrue[12]" classname="com.regex.PasswordValidationTest" time="0.0"/>
  <testcase name="givePassword_IfValid_ShouldReturnTrue[13]" classname="com.regex.PasswordValidationTest" time="0.0"/>
  <system-out><![CDATA[]]></system-out>
  <system-err><![CDATA[]]></system-err>
</testsuite>
